g++ -pthread -c DMA.cpp -I. -I/usr/systemc/include
DMA.cpp: In member function ‘void DMA::b_transport(tlm::tlm_generic_payload&, sc_core::sc_time&)’:
DMA.cpp:15:16: error: no match for ‘operator-’ (operand types are ‘sc_dt::uint64 {aka long long unsigned int}’ and ‘sc_core::sc_signal<sc_dt::sc_uint<32> >’)
   offset=addr_s-BASE;
          ~~~~~~^~~~~
In file included from /usr/include/c++/7/bits/stl_algobase.h:67:0,
                 from /usr/include/c++/7/bits/char_traits.h:39,
                 from /usr/include/c++/7/ios:40,
                 from /usr/include/c++/7/ostream:38,
                 from /usr/include/c++/7/iostream:39,
                 from DMA.h:5,
                 from DMA.cpp:1:
/usr/include/c++/7/bits/stl_iterator.h:392:5: note: candidate: template<class _IteratorL, class _IteratorR> decltype ((__y.base() - __x.base())) std::operator-(const std::reverse_iterator<_Iterator>&, const std::reverse_iterator<_IteratorR>&)
     operator-(const reverse_iterator<_IteratorL>& __x,
     ^~~~~~~~
/usr/include/c++/7/bits/stl_iterator.h:392:5: note:   template argument deduction/substitution failed:
DMA.cpp:15:17: note:   mismatched types ‘const std::reverse_iterator<_Iterator>’ and ‘sc_dt::uint64 {aka long long unsigned int}’
   offset=addr_s-BASE;
                 ^~~~
In file included from /usr/include/c++/7/bits/stl_algobase.h:67:0,
                 from /usr/include/c++/7/bits/char_traits.h:39,
                 from /usr/include/c++/7/ios:40,
                 from /usr/include/c++/7/ostream:38,
                 from /usr/include/c++/7/iostream:39,
                 from DMA.h:5,
                 from DMA.cpp:1:
/usr/include/c++/7/bits/stl_iterator.h:1194:5: note: candidate: template<class _IteratorL, class _IteratorR> decltype ((__x.base() - __y.base())) std::operator-(const std::move_iterator<_IteratorL>&, const std::move_iterator<_IteratorR>&)
     operator-(const move_iterator<_IteratorL>& __x,
     ^~~~~~~~
/usr/include/c++/7/bits/stl_iterator.h:1194:5: note:   template argument deduction/substitution failed:
DMA.cpp:15:17: note:   mismatched types ‘const std::move_iterator<_IteratorL>’ and ‘sc_dt::uint64 {aka long long unsigned int}’
   offset=addr_s-BASE;
                 ^~~~
In file included from /usr/include/c++/7/vector:65:0,
                 from /usr/systemc/include/sysc/kernel/sc_cmnhdr.h:160,
                 from /usr/systemc/include/systemc:70,
                 from /usr/systemc/include/tlm:23,
                 from /usr/systemc/include/tlm.h:22,
                 from DMA.h:7,
                 from DMA.cpp:1:
/usr/include/c++/7/bits/stl_bvector.h:208:3: note: candidate: std::ptrdiff_t std::operator-(const std::_Bit_iterator_base&, const std::_Bit_iterator_base&)
   operator-(const _Bit_iterator_base& __x, const _Bit_iterator_base& __y)
   ^~~~~~~~
/usr/include/c++/7/bits/stl_bvector.h:208:3: note:   no known conversion for argument 1 from ‘sc_dt::uint64 {aka long long unsigned int}’ to ‘const std::_Bit_iterator_base&’
In file included from /usr/include/c++/7/deque:64:0,
                 from /usr/systemc/include/tlm_core/tlm_1/tlm_analysis/tlm_analysis_port.h:24,
                 from /usr/systemc/include/tlm_core/tlm_1/tlm_analysis/tlm_analysis.h:28,
                 from /usr/systemc/include/tlm:26,
                 from /usr/systemc/include/tlm.h:22,
                 from DMA.h:7,
                 from DMA.cpp:1:
/usr/include/c++/7/bits/stl_deque.h:351:5: note: candidate: template<class _Tp, class _Ref, class _Ptr> typename std::_Deque_iterator<_Tp, _Ref, _Ptr>::difference_type std::operator-(const std::_Deque_iterator<_Tp, _Ref, _Ptr>&, const std::_Deque_iterator<_Tp, _Ref, _Ptr>&)
     operator-(const _Deque_iterator<_Tp, _Ref, _Ptr>& __x,
     ^~~~~~~~
/usr/include/c++/7/bits/stl_deque.h:351:5: note:   template argument deduction/substitution failed:
DMA.cpp:15:17: note:   mismatched types ‘const std::_Deque_iterator<_Tp, _Ref, _Ptr>’ and ‘sc_dt::uint64 {aka long long unsigned int}’
   offset=addr_s-BASE;
                 ^~~~
In file included from /usr/include/c++/7/deque:64:0,
                 from /usr/systemc/include/tlm_core/tlm_1/tlm_analysis/tlm_analysis_port.h:24,
                 from /usr/systemc/include/tlm_core/tlm_1/tlm_analysis/tlm_analysis.h:28,
                 from /usr/systemc/include/tlm:26,
                 from /usr/systemc/include/tlm.h:22,
                 from DMA.h:7,
                 from DMA.cpp:1:
/usr/include/c++/7/bits/stl_deque.h:363:5: note: candidate: template<class _Tp, class _RefL, class _PtrL, class _RefR, class _PtrR> typename std::_Deque_iterator<_Tp, _Ref, _Ptr>::difference_type std::operator-(const std::_Deque_iterator<_Tp, _Ref, _Ptr>&, const std::_Deque_iterator<_Tp, _RefR, _PtrR>&)
     operator-(const _Deque_iterator<_Tp, _RefL, _PtrL>& __x,
     ^~~~~~~~
/usr/include/c++/7/bits/stl_deque.h:363:5: note:   template argument deduction/substitution failed:
DMA.cpp:15:17: note:   mismatched types ‘const std::_Deque_iterator<_Tp, _Ref, _Ptr>’ and ‘sc_dt::uint64 {aka long long unsigned int}’
   offset=addr_s-BASE;
                 ^~~~
In file included from /usr/systemc/include/systemc:106:0,
                 from /usr/systemc/include/tlm:23,
                 from /usr/systemc/include/tlm.h:22,
                 from DMA.h:7,
                 from DMA.cpp:1:
/usr/systemc/include/sysc/datatypes/misc/sc_concatref.h:715:19: note: candidate: const sc_dt::sc_signed sc_dt::operator-(bool, const sc_dt::sc_concatref&)
     inline RESULT operator OP ( bool a, const sc_concatref& b ) \
                   ^
/usr/systemc/include/sysc/datatypes/misc/sc_concatref.h:745:1: note: in expansion of macro ‘SC_CONCAT_OP’
 SC_CONCAT_OP(const sc_signed,-)
 ^~~~~~~~~~~~
/usr/systemc/include/sysc/datatypes/misc/sc_concatref.h:715:19: note:   no known conversion for argument 2 from ‘sc_core::sc_signal<sc_dt::sc_uint<32> >’ to ‘const sc_dt::sc_concatref&’
     inline RESULT operator OP ( bool a, const sc_concatref& b ) \
                   ^
/usr/systemc/include/sysc/datatypes/misc/sc_concatref.h:745:1: note: in expansion of macro ‘SC_CONCAT_OP’
 SC_CONCAT_OP(const sc_signed,-)
 ^~~~~~~~~~~~
/usr/systemc/include/sysc/datatypes/misc/sc_concatref.h:711:19: note: candidate: const sc_dt::sc_signed sc_dt::operator-(const sc_dt::sc_concatref&, bool)
     inline RESULT operator OP ( const sc_concatref& a, bool b ) \
                   ^
/usr/systemc/include/sysc/datatypes/misc/sc_concatref.h:745:1: note: in expansion of macro ‘SC_CONCAT_OP’
 SC_CONCAT_OP(const sc_signed,-)
 ^~~~~~~~~~~~
/usr/systemc/include/sysc/datatypes/misc/sc_concatref.h:711:19: note:   no known conversion for argument 1 from ‘sc_dt::uint64 {aka long long unsigned int}’ to ‘const sc_dt::sc_concatref&’
     inline RESULT operator OP ( const sc_concatref& a, bool b ) \
                   ^
/usr/systemc/include/sysc/datatypes/misc/sc_concatref.h:745:1: note: in expansion of macro ‘SC_CONCAT_OP’
 SC_CONCAT_OP(const sc_signed,-)
 ^~~~~~~~~~~~
/usr/systemc/include/sysc/datatypes/misc/sc_concatref.h:690:19: note: candidate: const sc_dt::sc_signed sc_dt::operator-(const sc_dt::sc_unsigned&, const sc_dt::sc_concatref&)
     inline RESULT operator OP ( OTHER_TYPE a, const sc_concatref& b ) \
                   ^
/usr/systemc/include/sysc/datatypes/misc/sc_concatref.h:710:5: note: in expansion of macro ‘SC_CONCAT_OP_TYPE’
     SC_CONCAT_OP_TYPE(RESULT,OP,const sc_unsigned&) \
     ^~~~~~~~~~~~~~~~~
/usr/systemc/include/sysc/datatypes/misc/sc_concatref.h:745:1: note: in expansion of macro ‘SC_CONCAT_OP’
 SC_CONCAT_OP(const sc_signed,-)
 ^~~~~~~~~~~~
/usr/systemc/include/sysc/datatypes/misc/sc_concatref.h:690:19: note:   no known conversion for argument 1 from ‘sc_dt::uint64 {aka long long unsigned int}’ to ‘const sc_dt::sc_unsigned&’
     inline RESULT operator OP ( OTHER_TYPE a, const sc_concatref& b ) \
                   ^
/usr/systemc/include/sysc/datatypes/misc/sc_concatref.h:710:5: note: in expansion of macro ‘SC_CONCAT_OP_TYPE’
     SC_CONCAT_OP_TYPE(RESULT,OP,const sc_unsigned&) \
     ^~~~~~~~~~~~~~~~~
/usr/systemc/include/sysc/datatypes/misc/sc_concatref.h:745:1: note: in expansion of macro ‘SC_CONCAT_OP’
 SC_CONCAT_OP(const sc_signed,-)
 ^~~~~~~~~~~~
/usr/systemc/include/sysc/datatypes/misc/sc_concatref.h:686:19: note: candidate: const sc_dt::sc_signed sc_dt::operator-(const sc_dt::sc_concatref&, const sc_dt::sc_unsigned&)
     inline RESULT operator OP ( const sc_concatref& a, OTHER_TYPE b ) \
                   ^
/usr/systemc/include/sysc/datatypes/misc/sc_concatref.h:710:5: note: in expansion of macro ‘SC_CONCAT_OP_TYPE’
     SC_CONCAT_OP_TYPE(RESULT,OP,const sc_unsigned&) \
     ^~~~~~~~~~~~~~~~~
/usr/systemc/include/sysc/datatypes/misc/sc_concatref.h:745:1: note: in expansion of macro ‘SC_CONCAT_OP’
 SC_CONCAT_OP(const sc_signed,-)
 ^~~~~~~~~~~~
/usr/systemc/include/sysc/datatypes/misc/sc_concatref.h:686:19: note:   no known conversion for argument 1 from ‘sc_dt::uint64 {aka long long unsigned int}’ to ‘const sc_dt::sc_concatref&’
     inline RESULT operator OP ( const sc_concatref& a, OTHER_TYPE b ) \
                   ^
/usr/systemc/include/sysc/datatypes/misc/sc_concatref.h:710:5: note: in expansion of macro ‘SC_CONCAT_OP_TYPE’
     SC_CONCAT_OP_TYPE(RESULT,OP,const sc_unsigned&) \
     ^~~~~~~~~~~~~~~~~
/usr/systemc/include/sysc/datatypes/misc/sc_concatref.h:745:1: note: in expansion of macro ‘SC_CONCAT_OP’
 SC_CONCAT_OP(const sc_signed,-)
 ^~~~~~~~~~~~
/usr/systemc/include/sysc/datatypes/misc/sc_concatref.h:690:19: note: candidate: const sc_dt::sc_signed sc_dt::operator-(const sc_dt::sc_signed&, const sc_dt::sc_concatref&)
     inline RESULT operator OP ( OTHER_TYPE a, const sc_concatref& b ) \
                   ^
/usr/systemc/include/sysc/datatypes/misc/sc_concatref.h:709:5: note: in expansion of macro ‘SC_CONCAT_OP_TYPE’
     SC_CONCAT_OP_TYPE(const sc_signed,OP,const sc_signed&) \
     ^~~~~~~~~~~~~~~~~
/usr/systemc/include/sysc/datatypes/misc/sc_concatref.h:745:1: note: in expansion of macro ‘SC_CONCAT_OP’
 SC_CONCAT_OP(const sc_signed,-)
 ^~~~~~~~~~~~
/usr/systemc/include/sysc/datatypes/misc/sc_concatref.h:690:19: note:   no known conversion for argument 1 from ‘sc_dt::uint64 {aka long long unsigned int}’ to ‘const sc_dt::sc_signed&’
     inline RESULT operator OP ( OTHER_TYPE a, const sc_concatref& b ) \
                   ^
/usr/systemc/include/sysc/datatypes/misc/sc_concatref.h:709:5: note: in expansion of macro ‘SC_CONCAT_OP_TYPE’
     SC_CONCAT_OP_TYPE(const sc_signed,OP,const sc_signed&) \
     ^~~~~~~~~~~~~~~~~
/usr/systemc/include/sysc/datatypes/misc/sc_concatref.h:745:1: note: in expansion of macro ‘SC_CONCAT_OP’
 SC_CONCAT_OP(const sc_signed,-)
 ^~~~~~~~~~~~
/usr/systemc/include/sysc/datatypes/misc/sc_concatref.h:686:19: note: candidate: const sc_dt::sc_signed sc_dt::operator-(const sc_dt::sc_concatref&, const sc_dt::sc_signed&)
     inline RESULT operator OP ( const sc_concatref& a, OTHER_TYPE b ) \
                   ^
/usr/systemc/include/sysc/datatypes/misc/sc_concatref.h:709:5: note: in expansion of macro ‘SC_CONCAT_OP_TYPE’
     SC_CONCAT_OP_TYPE(const sc_signed,OP,const sc_signed&) \
     ^~~~~~~~~~~~~~~~~
/usr/systemc/include/sysc/datatypes/misc/sc_concatref.h:745:1: note: in expansion of macro ‘SC_CONCAT_OP’
 SC_CONCAT_OP(const sc_signed,-)
 ^~~~~~~~~~~~
/usr/systemc/include/sysc/datatypes/misc/sc_concatref.h:686:19: note:   no known conversion for argument 1 from ‘sc_dt::uint64 {aka long long unsigned int}’ to ‘const sc_dt::sc_concatref&’
     inline RESULT operator OP ( const sc_concatref& a, OTHER_TYPE b ) \
                   ^
/usr/systemc/include/sysc/datatypes/misc/sc_concatref.h:709:5: note: in expansion of macro ‘SC_CONCAT_OP_TYPE’
     SC_CONCAT_OP_TYPE(const sc_signed,OP,const sc_signed&) \
     ^~~~~~~~~~~~~~~~~
/usr/systemc/include/sysc/datatypes/misc/sc_concatref.h:745:1: note: in expansion of macro ‘SC_CONCAT_OP’
 SC_CONCAT_OP(const sc_signed,-)
 ^~~~~~~~~~~~
/usr/systemc/include/sysc/datatypes/misc/sc_concatref.h:690:19: note: candidate: const sc_dt::sc_signed sc_dt::operator-(const sc_dt::sc_uint_base&, const sc_dt::sc_concatref&)
     inline RESULT operator OP ( OTHER_TYPE a, const sc_concatref& b ) \
                   ^
/usr/systemc/include/sysc/datatypes/misc/sc_concatref.h:708:5: note: in expansion of macro ‘SC_CONCAT_OP_TYPE’
     SC_CONCAT_OP_TYPE(RESULT,OP,const sc_uint_base&) \
     ^~~~~~~~~~~~~~~~~
/usr/systemc/include/sysc/datatypes/misc/sc_concatref.h:745:1: note: in expansion of macro ‘SC_CONCAT_OP’
 SC_CONCAT_OP(const sc_signed,-)
 ^~~~~~~~~~~~
/usr/systemc/include/sysc/datatypes/misc/sc_concatref.h:690:19: note:   no known conversion for argument 1 from ‘sc_dt::uint64 {aka long long unsigned int}’ to ‘const sc_dt::sc_uint_base&’
     inline RESULT operator OP ( OTHER_TYPE a, const sc_concatref& b ) \
                   ^
/usr/systemc/include/sysc/datatypes/misc/sc_concatref.h:708:5: note: in expansion of macro ‘SC_CONCAT_OP_TYPE’
     SC_CONCAT_OP_TYPE(RESULT,OP,const sc_uint_base&) \
     ^~~~~~~~~~~~~~~~~
/usr/systemc/include/sysc/datatypes/misc/sc_concatref.h:745:1: note: in expansion of macro ‘SC_CONCAT_OP’
 SC_CONCAT_OP(const sc_signed,-)
 ^~~~~~~~~~~~
/usr/systemc/include/sysc/datatypes/misc/sc_concatref.h:686:19: note: candidate: const sc_dt::sc_signed sc_dt::operator-(const sc_dt::sc_concatref&, const sc_dt::sc_uint_base&)
     inline RESULT operator OP ( const sc_concatref& a, OTHER_TYPE b ) \
                   ^
/usr/systemc/include/sysc/datatypes/misc/sc_concatref.h:708:5: note: in expansion of macro ‘SC_CONCAT_OP_TYPE’
     SC_CONCAT_OP_TYPE(RESULT,OP,const sc_uint_base&) \
     ^~~~~~~~~~~~~~~~~
/usr/systemc/include/sysc/datatypes/misc/sc_concatref.h:745:1: note: in expansion of macro ‘SC_CONCAT_OP’
 SC_CONCAT_OP(const sc_signed,-)
 ^~~~~~~~~~~~
/usr/systemc/include/sysc/datatypes/misc/sc_concatref.h:686:19: note:   no known conversion for argument 1 from ‘sc_dt::uint64 {aka long long unsigned int}’ to ‘const sc_dt::sc_concatref&’
     inline RESULT operator OP ( const sc_concatref& a, OTHER_TYPE b ) \
                   ^
/usr/systemc/include/sysc/datatypes/misc/sc_concatref.h:708:5: note: in expansion of macro ‘SC_CONCAT_OP_TYPE’
     SC_CONCAT_OP_TYPE(RESULT,OP,const sc_uint_base&) \
     ^~~~~~~~~~~~~~~~~
/usr/systemc/include/sysc/datatypes/misc/sc_concatref.h:745:1: note: in expansion of macro ‘SC_CONCAT_OP’
 SC_CONCAT_OP(const sc_signed,-)
 ^~~~~~~~~~~~
/usr/systemc/include/sysc/datatypes/misc/sc_concatref.h:690:19: note: candidate: const sc_dt::sc_signed sc_dt::operator-(const sc_dt::sc_int_base&, const sc_dt::sc_concatref&)
     inline RESULT operator OP ( OTHER_TYPE a, const sc_concatref& b ) \
                   ^
/usr/systemc/include/sysc/datatypes/misc/sc_concatref.h:707:5: note: in expansion of macro ‘SC_CONCAT_OP_TYPE’
     SC_CONCAT_OP_TYPE(const sc_signed,OP,const sc_int_base&) \
     ^~~~~~~~~~~~~~~~~
/usr/systemc/include/sysc/datatypes/misc/sc_concatref.h:745:1: note: in expansion of macro ‘SC_CONCAT_OP’
 SC_CONCAT_OP(const sc_signed,-)
 ^~~~~~~~~~~~
/usr/systemc/include/sysc/datatypes/misc/sc_concatref.h:690:19: note:   no known conversion for argument 1 from ‘sc_dt::uint64 {aka long long unsigned int}’ to ‘const sc_dt::sc_int_base&’
     inline RESULT operator OP ( OTHER_TYPE a, const sc_concatref& b ) \
                   ^
/usr/systemc/include/sysc/datatypes/misc/sc_concatref.h:707:5: note: in expansion of macro ‘SC_CONCAT_OP_TYPE’
     SC_CONCAT_OP_TYPE(const sc_signed,OP,const sc_int_base&) \
     ^~~~~~~~~~~~~~~~~
/usr/systemc/include/sysc/datatypes/misc/sc_concatref.h:745:1: note: in expansion of macro ‘SC_CONCAT_OP’
 SC_CONCAT_OP(const sc_signed,-)
 ^~~~~~~~~~~~
/usr/systemc/include/sysc/datatypes/misc/sc_concatref.h:686:19: note: candidate: const sc_dt::sc_signed sc_dt::operator-(const sc_dt::sc_concatref&, const sc_dt::sc_int_base&)
     inline RESULT operator OP ( const sc_concatref& a, OTHER_TYPE b ) \
                   ^
/usr/systemc/include/sysc/datatypes/misc/sc_concatref.h:707:5: note: in expansion of macro ‘SC_CONCAT_OP_TYPE’
     SC_CONCAT_OP_TYPE(const sc_signed,OP,const sc_int_base&) \
     ^~~~~~~~~~~~~~~~~
/usr/systemc/include/sysc/datatypes/misc/sc_concatref.h:745:1: note: in expansion of macro ‘SC_CONCAT_OP’
 SC_CONCAT_OP(const sc_signed,-)
 ^~~~~~~~~~~~
/usr/systemc/include/sysc/datatypes/misc/sc_concatref.h:686:19: note:   no known conversion for argument 1 from ‘sc_dt::uint64 {aka long long unsigned int}’ to ‘const sc_dt::sc_concatref&’
     inline RESULT operator OP ( const sc_concatref& a, OTHER_TYPE b ) \
                   ^
/usr/systemc/include/sysc/datatypes/misc/sc_concatref.h:707:5: note: in expansion of macro ‘SC_CONCAT_OP_TYPE’
     SC_CONCAT_OP_TYPE(const sc_signed,OP,const sc_int_base&) \
     ^~~~~~~~~~~~~~~~~
/usr/systemc/include/sysc/datatypes/misc/sc_concatref.h:745:1: note: in expansion of macro ‘SC_CONCAT_OP’
 SC_CONCAT_OP(const sc_signed,-)
 ^~~~~~~~~~~~
/usr/systemc/include/sysc/datatypes/misc/sc_concatref.h:690:19: note: candidate: const sc_dt::sc_signed sc_dt::operator-(sc_dt::uint64, const sc_dt::sc_concatref&)
     inline RESULT operator OP ( OTHER_TYPE a, const sc_concatref& b ) \
                   ^
/usr/systemc/include/sysc/datatypes/misc/sc_concatref.h:706:5: note: in expansion of macro ‘SC_CONCAT_OP_TYPE’
     SC_CONCAT_OP_TYPE(RESULT,OP,uint64) \
     ^~~~~~~~~~~~~~~~~
/usr/systemc/include/sysc/datatypes/misc/sc_concatref.h:745:1: note: in expansion of macro ‘SC_CONCAT_OP’
 SC_CONCAT_OP(const sc_signed,-)
 ^~~~~~~~~~~~
/usr/systemc/include/sysc/datatypes/misc/sc_concatref.h:690:19: note:   no known conversion for argument 2 from ‘sc_core::sc_signal<sc_dt::sc_uint<32> >’ to ‘const sc_dt::sc_concatref&’
     inline RESULT operator OP ( OTHER_TYPE a, const sc_concatref& b ) \
                   ^
/usr/systemc/include/sysc/datatypes/misc/sc_concatref.h:706:5: note: in expansion of macro ‘SC_CONCAT_OP_TYPE’
     SC_CONCAT_OP_TYPE(RESULT,OP,uint64) \
     ^~~~~~~~~~~~~~~~~
/usr/systemc/include/sysc/datatypes/misc/sc_concatref.h:745:1: note: in expansion of macro ‘SC_CONCAT_OP’
 SC_CONCAT_OP(const sc_signed,-)
 ^~~~~~~~~~~~
/usr/systemc/include/sysc/datatypes/misc/sc_concatref.h:686:19: note: candidate: const sc_dt::sc_signed sc_dt::operator-(const sc_dt::sc_concatref&, sc_dt::uint64)
     inline RESULT operator OP ( const sc_concatref& a, OTHER_TYPE b ) \
                   ^
/usr/systemc/include/sysc/datatypes/misc/sc_concatref.h:706:5: note: in expansion of macro ‘SC_CONCAT_OP_TYPE’
     SC_CONCAT_OP_TYPE(RESULT,OP,uint64) \
     ^~~~~~~~~~~~~~~~~
/usr/systemc/include/sysc/datatypes/misc/sc_concatref.h:745:1: note: in expansion of macro ‘SC_CONCAT_OP’
 SC_CONCAT_OP(const sc_signed,-)
 ^~~~~~~~~~~~
/usr/systemc/include/sysc/datatypes/misc/sc_concatref.h:686:19: note:   no known conversion for argument 1 from ‘sc_dt::uint64 {aka long long unsigned int}’ to ‘const sc_dt::sc_concatref&’
     inline RESULT operator OP ( const sc_concatref& a, OTHER_TYPE b ) \
                   ^
/usr/systemc/include/sysc/datatypes/misc/sc_concatref.h:706:5: note: in expansion of macro ‘SC_CONCAT_OP_TYPE’
     SC_CONCAT_OP_TYPE(RESULT,OP,uint64) \
     ^~~~~~~~~~~~~~~~~
/usr/systemc/include/sysc/datatypes/misc/sc_concatref.h:745:1: note: in expansion of macro ‘SC_CONCAT_OP’
 SC_CONCAT_OP(const sc_signed,-)
 ^~~~~~~~~~~~
/usr/systemc/include/sysc/datatypes/misc/sc_concatref.h:690:19: note: candidate: const sc_dt::sc_signed sc_dt::operator-(long unsigned int, const sc_dt::sc_concatref&)
     inline RESULT operator OP ( OTHER_TYPE a, const sc_concatref& b ) \
                   ^
/usr/systemc/include/sysc/datatypes/misc/sc_concatref.h:705:5: note: in expansion of macro ‘SC_CONCAT_OP_TYPE’
     SC_CONCAT_OP_TYPE(RESULT,OP,unsigned long) \
     ^~~~~~~~~~~~~~~~~
/usr/systemc/include/sysc/datatypes/misc/sc_concatref.h:745:1: note: in expansion of macro ‘SC_CONCAT_OP’
 SC_CONCAT_OP(const sc_signed,-)
 ^~~~~~~~~~~~
/usr/systemc/include/sysc/datatypes/misc/sc_concatref.h:690:19: note:   no known conversion for argument 2 from ‘sc_core::sc_signal<sc_dt::sc_uint<32> >’ to ‘const sc_dt::sc_concatref&’
     inline RESULT operator OP ( OTHER_TYPE a, const sc_concatref& b ) \
                   ^
/usr/systemc/include/sysc/datatypes/misc/sc_concatref.h:705:5: note: in expansion of macro ‘SC_CONCAT_OP_TYPE’
     SC_CONCAT_OP_TYPE(RESULT,OP,unsigned long) \
     ^~~~~~~~~~~~~~~~~
/usr/systemc/include/sysc/datatypes/misc/sc_concatref.h:745:1: note: in expansion of macro ‘SC_CONCAT_OP’
 SC_CONCAT_OP(const sc_signed,-)
 ^~~~~~~~~~~~
/usr/systemc/include/sysc/datatypes/misc/sc_concatref.h:686:19: note: candidate: const sc_dt::sc_signed sc_dt::operator-(const sc_dt::sc_concatref&, long unsigned int)
     inline RESULT operator OP ( const sc_concatref& a, OTHER_TYPE b ) \
                   ^
/usr/systemc/include/sysc/datatypes/misc/sc_concatref.h:705:5: note: in expansion of macro ‘SC_CONCAT_OP_TYPE’
     SC_CONCAT_OP_TYPE(RESULT,OP,unsigned long) \
     ^~~~~~~~~~~~~~~~~
/usr/systemc/include/sysc/datatypes/misc/sc_concatref.h:745:1: note: in expansion of macro ‘SC_CONCAT_OP’
 SC_CONCAT_OP(const sc_signed,-)
 ^~~~~~~~~~~~
/usr/systemc/include/sysc/datatypes/misc/sc_concatref.h:686:19: note:   no known conversion for argument 1 from ‘sc_dt::uint64 {aka long long unsigned int}’ to ‘const sc_dt::sc_concatref&’
     inline RESULT operator OP ( const sc_concatref& a, OTHER_TYPE b ) \
                   ^
/usr/systemc/include/sysc/datatypes/misc/sc_concatref.h:705:5: note: in expansion of macro ‘SC_CONCAT_OP_TYPE’
     SC_CONCAT_OP_TYPE(RESULT,OP,unsigned long) \
     ^~~~~~~~~~~~~~~~~
/usr/systemc/include/sysc/datatypes/misc/sc_concatref.h:745:1: note: in expansion of macro ‘SC_CONCAT_OP’
 SC_CONCAT_OP(const sc_signed,-)
 ^~~~~~~~~~~~
/usr/systemc/include/sysc/datatypes/misc/sc_concatref.h:690:19: note: candidate: const sc_dt::sc_signed sc_dt::operator-(unsigned int, const sc_dt::sc_concatref&)
     inline RESULT operator OP ( OTHER_TYPE a, const sc_concatref& b ) \
                   ^
/usr/systemc/include/sysc/datatypes/misc/sc_concatref.h:704:5: note: in expansion of macro ‘SC_CONCAT_OP_TYPE’
     SC_CONCAT_OP_TYPE(RESULT,OP,unsigned int) \
     ^~~~~~~~~~~~~~~~~
/usr/systemc/include/sysc/datatypes/misc/sc_concatref.h:745:1: note: in expansion of macro ‘SC_CONCAT_OP’
 SC_CONCAT_OP(const sc_signed,-)
 ^~~~~~~~~~~~
/usr/systemc/include/sysc/datatypes/misc/sc_concatref.h:690:19: note:   no known conversion for argument 2 from ‘sc_core::sc_signal<sc_dt::sc_uint<32> >’ to ‘const sc_dt::sc_concatref&’
     inline RESULT operator OP ( OTHER_TYPE a, const sc_concatref& b ) \
                   ^
/usr/systemc/include/sysc/datatypes/misc/sc_concatref.h:704:5: note: in expansion of macro ‘SC_CONCAT_OP_TYPE’
     SC_CONCAT_OP_TYPE(RESULT,OP,unsigned int) \
     ^~~~~~~~~~~~~~~~~
/usr/systemc/include/sysc/datatypes/misc/sc_concatref.h:745:1: note: in expansion of macro ‘SC_CONCAT_OP’
 SC_CONCAT_OP(const sc_signed,-)
 ^~~~~~~~~~~~
/usr/systemc/include/sysc/datatypes/misc/sc_concatref.h:686:19: note: candidate: const sc_dt::sc_signed sc_dt::operator-(const sc_dt::sc_concatref&, unsigned int)
     inline RESULT operator OP ( const sc_concatref& a, OTHER_TYPE b ) \
                   ^
/usr/systemc/include/sysc/datatypes/misc/sc_concatref.h:704:5: note: in expansion of macro ‘SC_CONCAT_OP_TYPE’
     SC_CONCAT_OP_TYPE(RESULT,OP,unsigned int) \
     ^~~~~~~~~~~~~~~~~
/usr/systemc/include/sysc/datatypes/misc/sc_concatref.h:745:1: note: in expansion of macro ‘SC_CONCAT_OP’
 SC_CONCAT_OP(const sc_signed,-)
 ^~~~~~~~~~~~
/usr/systemc/include/sysc/datatypes/misc/sc_concatref.h:686:19: note:   no known conversion for argument 1 from ‘sc_dt::uint64 {aka long long unsigned int}’ to ‘const sc_dt::sc_concatref&’
     inline RESULT operator OP ( const sc_concatref& a, OTHER_TYPE b ) \
                   ^
/usr/systemc/include/sysc/datatypes/misc/sc_concatref.h:704:5: note: in expansion of macro ‘SC_CONCAT_OP_TYPE’
     SC_CONCAT_OP_TYPE(RESULT,OP,unsigned int) \
     ^~~~~~~~~~~~~~~~~
/usr/systemc/include/sysc/datatypes/misc/sc_concatref.h:745:1: note: in expansion of macro ‘SC_CONCAT_OP’
 SC_CONCAT_OP(const sc_signed,-)
 ^~~~~~~~~~~~
/usr/systemc/include/sysc/datatypes/misc/sc_concatref.h:690:19: note: candidate: const sc_dt::sc_signed sc_dt::operator-(sc_dt::int64, const sc_dt::sc_concatref&)
     inline RESULT operator OP ( OTHER_TYPE a, const sc_concatref& b ) \
                   ^
/usr/systemc/include/sysc/datatypes/misc/sc_concatref.h:703:5: note: in expansion of macro ‘SC_CONCAT_OP_TYPE’
     SC_CONCAT_OP_TYPE(const sc_signed,OP,int64) \
     ^~~~~~~~~~~~~~~~~
/usr/systemc/include/sysc/datatypes/misc/sc_concatref.h:745:1: note: in expansion of macro ‘SC_CONCAT_OP’
 SC_CONCAT_OP(const sc_signed,-)
 ^~~~~~~~~~~~
/usr/systemc/include/sysc/datatypes/misc/sc_concatref.h:690:19: note:   no known conversion for argument 2 from ‘sc_core::sc_signal<sc_dt::sc_uint<32> >’ to ‘const sc_dt::sc_concatref&’
     inline RESULT operator OP ( OTHER_TYPE a, const sc_concatref& b ) \
                   ^
/usr/systemc/include/sysc/datatypes/misc/sc_concatref.h:703:5: note: in expansion of macro ‘SC_CONCAT_OP_TYPE’
     SC_CONCAT_OP_TYPE(const sc_signed,OP,int64) \
     ^~~~~~~~~~~~~~~~~
/usr/systemc/include/sysc/datatypes/misc/sc_concatref.h:745:1: note: in expansion of macro ‘SC_CONCAT_OP’
 SC_CONCAT_OP(const sc_signed,-)
 ^~~~~~~~~~~~
/usr/systemc/include/sysc/datatypes/misc/sc_concatref.h:686:19: note: candidate: const sc_dt::sc_signed sc_dt::operator-(const sc_dt::sc_concatref&, sc_dt::int64)
     inline RESULT operator OP ( const sc_concatref& a, OTHER_TYPE b ) \
                   ^
/usr/systemc/include/sysc/datatypes/misc/sc_concatref.h:703:5: note: in expansion of macro ‘SC_CONCAT_OP_TYPE’
     SC_CONCAT_OP_TYPE(const sc_signed,OP,int64) \
     ^~~~~~~~~~~~~~~~~
/usr/systemc/include/sysc/datatypes/misc/sc_concatref.h:745:1: note: in expansion of macro ‘SC_CONCAT_OP’
 SC_CONCAT_OP(const sc_signed,-)
 ^~~~~~~~~~~~
/usr/systemc/include/sysc/datatypes/misc/sc_concatref.h:686:19: note:   no known conversion for argument 1 from ‘sc_dt::uint64 {aka long long unsigned int}’ to ‘const sc_dt::sc_concatref&’
     inline RESULT operator OP ( const sc_concatref& a, OTHER_TYPE b ) \
                   ^
/usr/systemc/include/sysc/datatypes/misc/sc_concatref.h:703:5: note: in expansion of macro ‘SC_CONCAT_OP_TYPE’
     SC_CONCAT_OP_TYPE(const sc_signed,OP,int64) \
     ^~~~~~~~~~~~~~~~~
/usr/systemc/include/sysc/datatypes/misc/sc_concatref.h:745:1: note: in expansion of macro ‘SC_CONCAT_OP’
 SC_CONCAT_OP(const sc_signed,-)
 ^~~~~~~~~~~~
/usr/systemc/include/sysc/datatypes/misc/sc_concatref.h:690:19: note: candidate: const sc_dt::sc_signed sc_dt::operator-(long int, const sc_dt::sc_concatref&)
     inline RESULT operator OP ( OTHER_TYPE a, const sc_concatref& b ) \
                   ^
/usr/systemc/include/sysc/datatypes/misc/sc_concatref.h:702:5: note: in expansion of macro ‘SC_CONCAT_OP_TYPE’
     SC_CONCAT_OP_TYPE(const sc_signed,OP,long) \
     ^~~~~~~~~~~~~~~~~
/usr/systemc/include/sysc/datatypes/misc/sc_concatref.h:745:1: note: in expansion of macro ‘SC_CONCAT_OP’
 SC_CONCAT_OP(const sc_signed,-)
 ^~~~~~~~~~~~
/usr/systemc/include/sysc/datatypes/misc/sc_concatref.h:690:19: note:   no known conversion for argument 2 from ‘sc_core::sc_signal<sc_dt::sc_uint<32> >’ to ‘const sc_dt::sc_concatref&’
     inline RESULT operator OP ( OTHER_TYPE a, const sc_concatref& b ) \
                   ^
/usr/systemc/include/sysc/datatypes/misc/sc_concatref.h:702:5: note: in expansion of macro ‘SC_CONCAT_OP_TYPE’
     SC_CONCAT_OP_TYPE(const sc_signed,OP,long) \
     ^~~~~~~~~~~~~~~~~
/usr/systemc/include/sysc/datatypes/misc/sc_concatref.h:745:1: note: in expansion of macro ‘SC_CONCAT_OP’
 SC_CONCAT_OP(const sc_signed,-)
 ^~~~~~~~~~~~
/usr/systemc/include/sysc/datatypes/misc/sc_concatref.h:686:19: note: candidate: const sc_dt::sc_signed sc_dt::operator-(const sc_dt::sc_concatref&, long int)
     inline RESULT operator OP ( const sc_concatref& a, OTHER_TYPE b ) \
                   ^
/usr/systemc/include/sysc/datatypes/misc/sc_concatref.h:702:5: note: in expansion of macro ‘SC_CONCAT_OP_TYPE’
     SC_CONCAT_OP_TYPE(const sc_signed,OP,long) \
     ^~~~~~~~~~~~~~~~~
/usr/systemc/include/sysc/datatypes/misc/sc_concatref.h:745:1: note: in expansion of macro ‘SC_CONCAT_OP’
 SC_CONCAT_OP(const sc_signed,-)
 ^~~~~~~~~~~~
/usr/systemc/include/sysc/datatypes/misc/sc_concatref.h:686:19: note:   no known conversion for argument 1 from ‘sc_dt::uint64 {aka long long unsigned int}’ to ‘const sc_dt::sc_concatref&’
     inline RESULT operator OP ( const sc_concatref& a, OTHER_TYPE b ) \
                   ^
/usr/systemc/include/sysc/datatypes/misc/sc_concatref.h:702:5: note: in expansion of macro ‘SC_CONCAT_OP_TYPE’
     SC_CONCAT_OP_TYPE(const sc_signed,OP,long) \
     ^~~~~~~~~~~~~~~~~
/usr/systemc/include/sysc/datatypes/misc/sc_concatref.h:745:1: note: in expansion of macro ‘SC_CONCAT_OP’
 SC_CONCAT_OP(const sc_signed,-)
 ^~~~~~~~~~~~
/usr/systemc/include/sysc/datatypes/misc/sc_concatref.h:690:19: note: candidate: const sc_dt::sc_signed sc_dt::operator-(int, const sc_dt::sc_concatref&)
     inline RESULT operator OP ( OTHER_TYPE a, const sc_concatref& b ) \
                   ^
/usr/systemc/include/sysc/datatypes/misc/sc_concatref.h:701:5: note: in expansion of macro ‘SC_CONCAT_OP_TYPE’
     SC_CONCAT_OP_TYPE(const sc_signed,OP,int) \
     ^~~~~~~~~~~~~~~~~
/usr/systemc/include/sysc/datatypes/misc/sc_concatref.h:745:1: note: in expansion of macro ‘SC_CONCAT_OP’
 SC_CONCAT_OP(const sc_signed,-)
 ^~~~~~~~~~~~
/usr/systemc/include/sysc/datatypes/misc/sc_concatref.h:690:19: note:   no known conversion for argument 2 from ‘sc_core::sc_signal<sc_dt::sc_uint<32> >’ to ‘const sc_dt::sc_concatref&’
     inline RESULT operator OP ( OTHER_TYPE a, const sc_concatref& b ) \
                   ^
/usr/systemc/include/sysc/datatypes/misc/sc_concatref.h:701:5: note: in expansion of macro ‘SC_CONCAT_OP_TYPE’
     SC_CONCAT_OP_TYPE(const sc_signed,OP,int) \
     ^~~~~~~~~~~~~~~~~
/usr/systemc/include/sysc/datatypes/misc/sc_concatref.h:745:1: note: in expansion of macro ‘SC_CONCAT_OP’
 SC_CONCAT_OP(const sc_signed,-)
 ^~~~~~~~~~~~
/usr/systemc/include/sysc/datatypes/misc/sc_concatref.h:686:19: note: candidate: const sc_dt::sc_signed sc_dt::operator-(const sc_dt::sc_concatref&, int)
     inline RESULT operator OP ( const sc_concatref& a, OTHER_TYPE b ) \
                   ^
/usr/systemc/include/sysc/datatypes/misc/sc_concatref.h:701:5: note: in expansion of macro ‘SC_CONCAT_OP_TYPE’
     SC_CONCAT_OP_TYPE(const sc_signed,OP,int) \
     ^~~~~~~~~~~~~~~~~
/usr/systemc/include/sysc/datatypes/misc/sc_concatref.h:745:1: note: in expansion of macro ‘SC_CONCAT_OP’
 SC_CONCAT_OP(const sc_signed,-)
 ^~~~~~~~~~~~
/usr/systemc/include/sysc/datatypes/misc/sc_concatref.h:686:19: note:   no known conversion for argument 1 from ‘sc_dt::uint64 {aka long long unsigned int}’ to ‘const sc_dt::sc_concatref&’
     inline RESULT operator OP ( const sc_concatref& a, OTHER_TYPE b ) \
                   ^
/usr/systemc/include/sysc/datatypes/misc/sc_concatref.h:701:5: note: in expansion of macro ‘SC_CONCAT_OP_TYPE’
     SC_CONCAT_OP_TYPE(const sc_signed,OP,int) \
     ^~~~~~~~~~~~~~~~~
/usr/systemc/include/sysc/datatypes/misc/sc_concatref.h:745:1: note: in expansion of macro ‘SC_CONCAT_OP’
 SC_CONCAT_OP(const sc_signed,-)
 ^~~~~~~~~~~~
/usr/systemc/include/sysc/datatypes/misc/sc_concatref.h:697:19: note: candidate: const sc_dt::sc_signed sc_dt::operator-(const sc_dt::sc_concatref&, const sc_dt::sc_concatref&)
     inline RESULT operator OP ( const sc_concatref& a, const sc_concatref& b ) \
                   ^
/usr/systemc/include/sysc/datatypes/misc/sc_concatref.h:745:1: note: in expansion of macro ‘SC_CONCAT_OP’
 SC_CONCAT_OP(const sc_signed,-)
 ^~~~~~~~~~~~
/usr/systemc/include/sysc/datatypes/misc/sc_concatref.h:697:19: note:   no known conversion for argument 1 from ‘sc_dt::uint64 {aka long long unsigned int}’ to ‘const sc_dt::sc_concatref&’
     inline RESULT operator OP ( const sc_concatref& a, const sc_concatref& b ) \
                   ^
/usr/systemc/include/sysc/datatypes/misc/sc_concatref.h:745:1: note: in expansion of macro ‘SC_CONCAT_OP’
 SC_CONCAT_OP(const sc_signed,-)
 ^~~~~~~~~~~~
In file included from /usr/systemc/include/sysc/datatypes/bit/sc_proxy.h:66:0,
                 from /usr/systemc/include/sysc/datatypes/bit/sc_bit_proxies.h:34,
                 from /usr/systemc/include/sysc/datatypes/bit/sc_bv_base.h:58,
                 from /usr/systemc/include/sysc/datatypes/bit/sc_lv_base.h:69,
                 from /usr/systemc/include/sysc/datatypes/bit/sc_lv.h:51,
                 from /usr/systemc/include/sysc/communication/sc_signal_rv.h:33,
                 from /usr/systemc/include/systemc:93,
                 from /usr/systemc/include/tlm:23,
                 from /usr/systemc/include/tlm.h:22,
                 from DMA.h:7,
                 from DMA.cpp:1:
/usr/systemc/include/sysc/datatypes/int/sc_signed.h:1917:27: note: candidate: sc_dt::sc_signed sc_dt::operator-(const sc_dt::sc_signed&)
   friend SC_API sc_signed operator - (const sc_signed&   u);
                           ^~~~~~~~
/usr/systemc/include/sysc/datatypes/int/sc_signed.h:1917:27: note:   candidate expects 1 argument, 2 provided
/usr/systemc/include/sysc/datatypes/int/sc_signed.h:1521:27: note: candidate: sc_dt::sc_signed sc_dt::operator-(const sc_dt::sc_uint_base&, const sc_dt::sc_signed&)
   friend SC_API sc_signed operator - (const sc_uint_base& u, const sc_signed&    v);
                           ^~~~~~~~
/usr/systemc/include/sysc/datatypes/int/sc_signed.h:1521:27: note:   no known conversion for argument 1 from ‘sc_dt::uint64 {aka long long unsigned int}’ to ‘const sc_dt::sc_uint_base&’
/usr/systemc/include/sysc/datatypes/int/sc_signed.h:1520:27: note: candidate: sc_dt::sc_signed sc_dt::operator-(const sc_dt::sc_int_base&, const sc_dt::sc_signed&)
   friend SC_API sc_signed operator - (const sc_int_base&  u, const sc_signed&    v);
                           ^~~~~~~~
/usr/systemc/include/sysc/datatypes/int/sc_signed.h:1520:27: note:   no known conversion for argument 1 from ‘sc_dt::uint64 {aka long long unsigned int}’ to ‘const sc_dt::sc_int_base&’
/usr/systemc/include/sysc/datatypes/int/sc_signed.h:1519:27: note: candidate: sc_dt::sc_signed sc_dt::operator-(const sc_dt::sc_signed&, const sc_dt::sc_uint_base&)
   friend SC_API sc_signed operator - (const sc_signed&    u, const sc_uint_base& v);
                           ^~~~~~~~
/usr/systemc/include/sysc/datatypes/int/sc_signed.h:1519:27: note:   no known conversion for argument 1 from ‘sc_dt::uint64 {aka long long unsigned int}’ to ‘const sc_dt::sc_signed&’
/usr/systemc/include/sysc/datatypes/int/sc_signed.h:1518:27: note: candidate: sc_dt::sc_signed sc_dt::operator-(const sc_dt::sc_signed&, const sc_dt::sc_int_base&)
   friend SC_API sc_signed operator - (const sc_signed&    u, const sc_int_base&  v);
                           ^~~~~~~~
/usr/systemc/include/sysc/datatypes/int/sc_signed.h:1518:27: note:   no known conversion for argument 1 from ‘sc_dt::uint64 {aka long long unsigned int}’ to ‘const sc_dt::sc_signed&’
/usr/systemc/include/sysc/datatypes/int/sc_signed.h:1500:20: note: candidate: sc_dt::sc_signed sc_dt::operator-(unsigned int, const sc_dt::sc_signed&)
   friend sc_signed operator - (unsigned int        u, const sc_signed&    v)
                    ^~~~~~~~
/usr/systemc/include/sysc/datatypes/int/sc_signed.h:1500:20: note:   no known conversion for argument 2 from ‘sc_core::sc_signal<sc_dt::sc_uint<32> >’ to ‘const sc_dt::sc_signed&’
/usr/systemc/include/sysc/datatypes/int/sc_signed.h:1498:20: note: candidate: sc_dt::sc_signed sc_dt::operator-(int, const sc_dt::sc_signed&)
   friend sc_signed operator - (int                 u, const sc_signed&    v)
                    ^~~~~~~~
/usr/systemc/include/sysc/datatypes/int/sc_signed.h:1498:20: note:   no known conversion for argument 2 from ‘sc_core::sc_signal<sc_dt::sc_uint<32> >’ to ‘const sc_dt::sc_signed&’
/usr/systemc/include/sysc/datatypes/int/sc_signed.h:1497:27: note: candidate: sc_dt::sc_signed sc_dt::operator-(long unsigned int, const sc_dt::sc_signed&)
   friend SC_API sc_signed operator - (unsigned long       u, const sc_signed&    v);
                           ^~~~~~~~
/usr/systemc/include/sysc/datatypes/int/sc_signed.h:1497:27: note:   no known conversion for argument 2 from ‘sc_core::sc_signal<sc_dt::sc_uint<32> >’ to ‘const sc_dt::sc_signed&’
/usr/systemc/include/sysc/datatypes/int/sc_signed.h:1496:27: note: candidate: sc_dt::sc_signed sc_dt::operator-(long int, const sc_dt::sc_signed&)
   friend SC_API sc_signed operator - (long                u, const sc_signed&    v);
                           ^~~~~~~~
/usr/systemc/include/sysc/datatypes/int/sc_signed.h:1496:27: note:   no known conversion for argument 2 from ‘sc_core::sc_signal<sc_dt::sc_uint<32> >’ to ‘const sc_dt::sc_signed&’
/usr/systemc/include/sysc/datatypes/int/sc_signed.h:1495:27: note: candidate: sc_dt::sc_signed sc_dt::operator-(sc_dt::uint64, const sc_dt::sc_signed&)
   friend SC_API sc_signed operator - (uint64              u, const sc_signed&    v);
                           ^~~~~~~~
/usr/systemc/include/sysc/datatypes/int/sc_signed.h:1495:27: note:   no known conversion for argument 2 from ‘sc_core::sc_signal<sc_dt::sc_uint<32> >’ to ‘const sc_dt::sc_signed&’
/usr/systemc/include/sysc/datatypes/int/sc_signed.h:1494:27: note: candidate: sc_dt::sc_signed sc_dt::operator-(sc_dt::int64, const sc_dt::sc_signed&)
   friend SC_API sc_signed operator - (int64               u, const sc_signed&    v);
                           ^~~~~~~~
/usr/systemc/include/sysc/datatypes/int/sc_signed.h:1494:27: note:   no known conversion for argument 2 from ‘sc_core::sc_signal<sc_dt::sc_uint<32> >’ to ‘const sc_dt::sc_signed&’
/usr/systemc/include/sysc/datatypes/int/sc_signed.h:1491:20: note: candidate: sc_dt::sc_signed sc_dt::operator-(const sc_dt::sc_signed&, unsigned int)
   friend sc_signed operator - (const sc_signed&    u, unsigned int        v)
                    ^~~~~~~~
/usr/systemc/include/sysc/datatypes/int/sc_signed.h:1491:20: note:   no known conversion for argument 1 from ‘sc_dt::uint64 {aka long long unsigned int}’ to ‘const sc_dt::sc_signed&’
/usr/systemc/include/sysc/datatypes/int/sc_signed.h:1489:20: note: candidate: sc_dt::sc_signed sc_dt::operator-(const sc_dt::sc_signed&, int)
   friend sc_signed operator - (const sc_signed&    u, int                 v)
                    ^~~~~~~~
/usr/systemc/include/sysc/datatypes/int/sc_signed.h:1489:20: note:   no known conversion for argument 1 from ‘sc_dt::uint64 {aka long long unsigned int}’ to ‘const sc_dt::sc_signed&’
/usr/systemc/include/sysc/datatypes/int/sc_signed.h:1488:27: note: candidate: sc_dt::sc_signed sc_dt::operator-(const sc_dt::sc_signed&, long unsigned int)
   friend SC_API sc_signed operator - (const sc_signed&    u, unsigned long       v);
                           ^~~~~~~~
/usr/systemc/include/sysc/datatypes/int/sc_signed.h:1488:27: note:   no known conversion for argument 1 from ‘sc_dt::uint64 {aka long long unsigned int}’ to ‘const sc_dt::sc_signed&’
/usr/systemc/include/sysc/datatypes/int/sc_signed.h:1487:27: note: candidate: sc_dt::sc_signed sc_dt::operator-(const sc_dt::sc_signed&, long int)
   friend SC_API sc_signed operator - (const sc_signed&    u, long                v);
                           ^~~~~~~~
/usr/systemc/include/sysc/datatypes/int/sc_signed.h:1487:27: note:   no known conversion for argument 1 from ‘sc_dt::uint64 {aka long long unsigned int}’ to ‘const sc_dt::sc_signed&’
/usr/systemc/include/sysc/datatypes/int/sc_signed.h:1486:27: note: candidate: sc_dt::sc_signed sc_dt::operator-(const sc_dt::sc_signed&, sc_dt::uint64)
   friend SC_API sc_signed operator - (const sc_signed&    u, uint64              v);
                           ^~~~~~~~
/usr/systemc/include/sysc/datatypes/int/sc_signed.h:1486:27: note:   no known conversion for argument 1 from ‘sc_dt::uint64 {aka long long unsigned int}’ to ‘const sc_dt::sc_signed&’
/usr/systemc/include/sysc/datatypes/int/sc_signed.h:1485:27: note: candidate: sc_dt::sc_signed sc_dt::operator-(const sc_dt::sc_signed&, sc_dt::int64)
   friend SC_API sc_signed operator - (const sc_signed&    u, int64               v);
                           ^~~~~~~~
/usr/systemc/include/sysc/datatypes/int/sc_signed.h:1485:27: note:   no known conversion for argument 1 from ‘sc_dt::uint64 {aka long long unsigned int}’ to ‘const sc_dt::sc_signed&’
/usr/systemc/include/sysc/datatypes/int/sc_signed.h:1484:27: note: candidate: sc_dt::sc_signed sc_dt::operator-(const sc_dt::sc_signed&, const sc_dt::sc_signed&)
   friend SC_API sc_signed operator - (const sc_signed&    u, const sc_signed&    v);
                           ^~~~~~~~
/usr/systemc/include/sysc/datatypes/int/sc_signed.h:1484:27: note:   no known conversion for argument 1 from ‘sc_dt::uint64 {aka long long unsigned int}’ to ‘const sc_dt::sc_signed&’
/usr/systemc/include/sysc/datatypes/int/sc_signed.h:1918:27: note: candidate: sc_dt::sc_signed sc_dt::operator-(const sc_dt::sc_unsigned&)
   friend SC_API sc_signed operator - (const sc_unsigned& u);
                           ^~~~~~~~
/usr/systemc/include/sysc/datatypes/int/sc_signed.h:1918:27: note:   candidate expects 1 argument, 2 provided
/usr/systemc/include/sysc/datatypes/int/sc_signed.h:1516:27: note: candidate: sc_dt::sc_signed sc_dt::operator-(const sc_dt::sc_int_base&, const sc_dt::sc_unsigned&)
   friend SC_API sc_signed operator - (const sc_int_base&  u, const sc_unsigned&  v);
                           ^~~~~~~~
/usr/systemc/include/sysc/datatypes/int/sc_signed.h:1516:27: note:   no known conversion for argument 1 from ‘sc_dt::uint64 {aka long long unsigned int}’ to ‘const sc_dt::sc_int_base&’
/usr/systemc/include/sysc/datatypes/int/sc_signed.h:1517:27: note: candidate: sc_dt::sc_signed sc_dt::operator-(const sc_dt::sc_uint_base&, const sc_dt::sc_unsigned&)
   friend SC_API sc_signed operator - (const sc_uint_base& u, const sc_unsigned&  v);
                           ^~~~~~~~
/usr/systemc/include/sysc/datatypes/int/sc_signed.h:1517:27: note:   no known conversion for argument 1 from ‘sc_dt::uint64 {aka long long unsigned int}’ to ‘const sc_dt::sc_uint_base&’
/usr/systemc/include/sysc/datatypes/int/sc_signed.h:1514:27: note: candidate: sc_dt::sc_signed sc_dt::operator-(const sc_dt::sc_unsigned&, const sc_dt::sc_int_base&)
   friend SC_API sc_signed operator - (const sc_unsigned&  u, const sc_int_base&  v);
                           ^~~~~~~~
/usr/systemc/include/sysc/datatypes/int/sc_signed.h:1514:27: note:   no known conversion for argument 1 from ‘sc_dt::uint64 {aka long long unsigned int}’ to ‘const sc_dt::sc_unsigned&’
/usr/systemc/include/sysc/datatypes/int/sc_signed.h:1515:27: note: candidate: sc_dt::sc_signed sc_dt::operator-(const sc_dt::sc_unsigned&, const sc_dt::sc_uint_base&)
   friend SC_API sc_signed operator - (const sc_unsigned&  u, const sc_uint_base& v);
                           ^~~~~~~~
/usr/systemc/include/sysc/datatypes/int/sc_signed.h:1515:27: note:   no known conversion for argument 1 from ‘sc_dt::uint64 {aka long long unsigned int}’ to ‘const sc_dt::sc_unsigned&’
/usr/systemc/include/sysc/datatypes/int/sc_signed.h:1481:20: note: candidate: sc_dt::sc_signed sc_dt::operator-(unsigned int, const sc_dt::sc_unsigned&)
   friend sc_signed operator - (unsigned int        u, const sc_unsigned& v)
                    ^~~~~~~~
/usr/systemc/include/sysc/datatypes/int/sc_signed.h:1481:20: note:   no known conversion for argument 2 from ‘sc_core::sc_signal<sc_dt::sc_uint<32> >’ to ‘const sc_dt::sc_unsigned&’
/usr/systemc/include/sysc/datatypes/int/sc_signed.h:1479:20: note: candidate: sc_dt::sc_signed sc_dt::operator-(int, const sc_dt::sc_unsigned&)
   friend sc_signed operator - (int                 u, const sc_unsigned&  v)
                    ^~~~~~~~
/usr/systemc/include/sysc/datatypes/int/sc_signed.h:1479:20: note:   no known conversion for argument 2 from ‘sc_core::sc_signal<sc_dt::sc_uint<32> >’ to ‘const sc_dt::sc_unsigned&’
/usr/systemc/include/sysc/datatypes/int/sc_signed.h:1478:27: note: candidate: sc_dt::sc_signed sc_dt::operator-(long unsigned int, const sc_dt::sc_unsigned&)
   friend SC_API sc_signed operator - (unsigned long       u, const sc_unsigned&  v);
                           ^~~~~~~~
/usr/systemc/include/sysc/datatypes/int/sc_signed.h:1478:27: note:   no known conversion for argument 2 from ‘sc_core::sc_signal<sc_dt::sc_uint<32> >’ to ‘const sc_dt::sc_unsigned&’
/usr/systemc/include/sysc/datatypes/int/sc_signed.h:1477:27: note: candidate: sc_dt::sc_signed sc_dt::operator-(long int, const sc_dt::sc_unsigned&)
   friend SC_API sc_signed operator - (long                u, const sc_unsigned&  v);
                           ^~~~~~~~
/usr/systemc/include/sysc/datatypes/int/sc_signed.h:1477:27: note:   no known conversion for argument 2 from ‘sc_core::sc_signal<sc_dt::sc_uint<32> >’ to ‘const sc_dt::sc_unsigned&’
/usr/systemc/include/sysc/datatypes/int/sc_signed.h:1476:27: note: candidate: sc_dt::sc_signed sc_dt::operator-(sc_dt::uint64, const sc_dt::sc_unsigned&)
   friend SC_API sc_signed operator - (uint64              u, const sc_unsigned&  v);
                           ^~~~~~~~
/usr/systemc/include/sysc/datatypes/int/sc_signed.h:1476:27: note:   no known conversion for argument 2 from ‘sc_core::sc_signal<sc_dt::sc_uint<32> >’ to ‘const sc_dt::sc_unsigned&’
/usr/systemc/include/sysc/datatypes/int/sc_signed.h:1475:27: note: candidate: sc_dt::sc_signed sc_dt::operator-(sc_dt::int64, const sc_dt::sc_unsigned&)
   friend SC_API sc_signed operator - (int64               u, const sc_unsigned&  v);
                           ^~~~~~~~
/usr/systemc/include/sysc/datatypes/int/sc_signed.h:1475:27: note:   no known conversion for argument 2 from ‘sc_core::sc_signal<sc_dt::sc_uint<32> >’ to ‘const sc_dt::sc_unsigned&’
/usr/systemc/include/sysc/datatypes/int/sc_signed.h:1472:20: note: candidate: sc_dt::sc_signed sc_dt::operator-(const sc_dt::sc_unsigned&, unsigned int)
   friend sc_signed operator - (const sc_unsigned&  u, unsigned int       v)
                    ^~~~~~~~
/usr/systemc/include/sysc/datatypes/int/sc_signed.h:1472:20: note:   no known conversion for argument 1 from ‘sc_dt::uint64 {aka long long unsigned int}’ to ‘const sc_dt::sc_unsigned&’
/usr/systemc/include/sysc/datatypes/int/sc_signed.h:1470:20: note: candidate: sc_dt::sc_signed sc_dt::operator-(const sc_dt::sc_unsigned&, int)
   friend sc_signed operator - (const sc_unsigned&  u, int                v)
                    ^~~~~~~~
/usr/systemc/include/sysc/datatypes/int/sc_signed.h:1470:20: note:   no known conversion for argument 1 from ‘sc_dt::uint64 {aka long long unsigned int}’ to ‘const sc_dt::sc_unsigned&’
/usr/systemc/include/sysc/datatypes/int/sc_signed.h:1469:27: note: candidate: sc_dt::sc_signed sc_dt::operator-(const sc_dt::sc_unsigned&, long unsigned int)
   friend SC_API sc_signed operator - (const sc_unsigned&  u, unsigned long       v);
                           ^~~~~~~~
/usr/systemc/include/sysc/datatypes/int/sc_signed.h:1469:27: note:   no known conversion for argument 1 from ‘sc_dt::uint64 {aka long long unsigned int}’ to ‘const sc_dt::sc_unsigned&’
/usr/systemc/include/sysc/datatypes/int/sc_signed.h:1468:27: note: candidate: sc_dt::sc_signed sc_dt::operator-(const sc_dt::sc_unsigned&, long int)
   friend SC_API sc_signed operator - (const sc_unsigned&  u, long                v);
                           ^~~~~~~~
/usr/systemc/include/sysc/datatypes/int/sc_signed.h:1468:27: note:   no known conversion for argument 1 from ‘sc_dt::uint64 {aka long long unsigned int}’ to ‘const sc_dt::sc_unsigned&’
/usr/systemc/include/sysc/datatypes/int/sc_signed.h:1467:27: note: candidate: sc_dt::sc_signed sc_dt::operator-(const sc_dt::sc_unsigned&, sc_dt::uint64)
   friend SC_API sc_signed operator - (const sc_unsigned&  u, uint64              v);
                           ^~~~~~~~
/usr/systemc/include/sysc/datatypes/int/sc_signed.h:1467:27: note:   no known conversion for argument 1 from ‘sc_dt::uint64 {aka long long unsigned int}’ to ‘const sc_dt::sc_unsigned&’
/usr/systemc/include/sysc/datatypes/int/sc_signed.h:1466:27: note: candidate: sc_dt::sc_signed sc_dt::operator-(const sc_dt::sc_unsigned&, sc_dt::int64)
   friend SC_API sc_signed operator - (const sc_unsigned&  u, int64               v);
                           ^~~~~~~~
/usr/systemc/include/sysc/datatypes/int/sc_signed.h:1466:27: note:   no known conversion for argument 1 from ‘sc_dt::uint64 {aka long long unsigned int}’ to ‘const sc_dt::sc_unsigned&’
/usr/systemc/include/sysc/datatypes/int/sc_signed.h:1465:27: note: candidate: sc_dt::sc_signed sc_dt::operator-(const sc_dt::sc_unsigned&, const sc_dt::sc_unsigned&)
   friend SC_API sc_signed operator - (const sc_unsigned&  u, const sc_unsigned&  v);
                           ^~~~~~~~
/usr/systemc/include/sysc/datatypes/int/sc_signed.h:1465:27: note:   no known conversion for argument 1 from ‘sc_dt::uint64 {aka long long unsigned int}’ to ‘const sc_dt::sc_unsigned&’
/usr/systemc/include/sysc/datatypes/int/sc_signed.h:1463:27: note: candidate: sc_dt::sc_signed sc_dt::operator-(const sc_dt::sc_signed&, const sc_dt::sc_unsigned&)
   friend SC_API sc_signed operator - (const sc_signed&    u, const sc_unsigned&  v);
                           ^~~~~~~~
/usr/systemc/include/sysc/datatypes/int/sc_signed.h:1463:27: note:   no known conversion for argument 1 from ‘sc_dt::uint64 {aka long long unsigned int}’ to ‘const sc_dt::sc_signed&’
/usr/systemc/include/sysc/datatypes/int/sc_signed.h:1462:27: note: candidate: sc_dt::sc_signed sc_dt::operator-(const sc_dt::sc_unsigned&, const sc_dt::sc_signed&)
   friend SC_API sc_signed operator - (const sc_unsigned&  u, const sc_signed&    v);
                           ^~~~~~~~
/usr/systemc/include/sysc/datatypes/int/sc_signed.h:1462:27: note:   no known conversion for argument 1 from ‘sc_dt::uint64 {aka long long unsigned int}’ to ‘const sc_dt::sc_unsigned&’
In file included from /usr/systemc/include/sysc/kernel/sc_module.h:38:0,
                 from /usr/systemc/include/systemc:74,
                 from /usr/systemc/include/tlm:23,
                 from /usr/systemc/include/tlm.h:22,
                 from DMA.h:7,
                 from DMA.cpp:1:
/usr/systemc/include/sysc/kernel/sc_time.h:357:1: note: candidate: const sc_core::sc_time sc_core::operator-(const sc_core::sc_time&, const sc_core::sc_time&)
 operator - ( const sc_time& t1, const sc_time& t2 )
 ^~~~~~~~
/usr/systemc/include/sysc/kernel/sc_time.h:357:1: note:   no known conversion for argument 1 from ‘sc_dt::uint64 {aka long long unsigned int}’ to ‘const sc_core::sc_time&’
DMA.cpp: In member function ‘void DMA::dma_p()’:
DMA.cpp:40:43: warning: format ‘%x’ expects argument of type ‘unsigned int’, but argument 2 has type ‘sc_dt::sc_uint<32>’ [-Wformat=]
      printf("Write SOURCE:%#010x\n",SOURCE);
                                           ^
DMA.cpp:44:43: warning: format ‘%x’ expects argument of type ‘unsigned int’, but argument 2 has type ‘sc_dt::sc_uint<32>’ [-Wformat=]
      printf("Write TARGET:%#010x\n",TARGET);
                                           ^
DMA.cpp:48:35: warning: format ‘%d’ expects argument of type ‘int’, but argument 2 has type ‘sc_dt::sc_uint<32>’ [-Wformat=]
      printf("Write SIZE:%d\n",SIZE);
                                   ^
DMA.cpp:57:95: warning: format ‘%x’ expects argument of type ‘unsigned int’, but argument 2 has type ‘sc_dt::sc_uint<32>’ [-Wformat=]
    printf("DMA start to work, moving data from %#010x to %#010x, size %d\n",SOURCE,TARGET,SIZE);
                                                                                               ^
DMA.cpp:57:95: warning: format ‘%x’ expects argument of type ‘unsigned int’, but argument 3 has type ‘sc_dt::sc_uint<32>’ [-Wformat=]
DMA.cpp:57:95: warning: format ‘%d’ expects argument of type ‘int’, but argument 4 has type ‘sc_dt::sc_uint<32>’ [-Wformat=]
DMA.cpp:73:38: error: ‘delay’ was not declared in this scope
     master_p->b_transport( *trans_m, delay );
                                      ^~~~~
makefile:24: recipe for target 'DMA.o' failed
make: *** [DMA.o] Error 1
g++ -pthread -c cpu.cpp -I. -I/usr/systemc/include
In file included from cpu.cpp:1:0:
cpu.h: In constructor ‘CPU::CPU(sc_core::sc_module_name)’:
cpu.h:26:17: error: class ‘CPU’ does not have any field named ‘socket_m’
  SC_CTOR(CPU) : socket_m("socket_m"){
                 ^~~~~~~~
cpu.cpp: In member function ‘void CPU::cpu_p()’:
cpu.cpp:18:25: error: ‘trans_mw’ was not declared in this scope
  master_p->b_transport(*trans_mw,delay);
                         ^~~~~~~~
cpu.cpp:18:25: note: suggested alternative: ‘trans_m’
  master_p->b_transport(*trans_mw,delay);
                         ^~~~~~~~
                         trans_m
makefile:24: recipe for target 'cpu.o' failed
make: *** [cpu.o] Error 1
g++ -pthread -c mem.cpp -I. -I/usr/systemc/include
In file included from /usr/systemc/include/systemc:74:0,
                 from /usr/systemc/include/tlm:23,
                 from /usr/systemc/include/tlm.h:22,
                 from mem.h:7,
                 from mem.cpp:1:
mem.h:24:10: error: ‘mem’ does not name a type
  SC_CTOR(mem) : socket_s("socket_s"){
          ^
/usr/systemc/include/sysc/kernel/sc_module.h:400:13: note: in definition of macro ‘SC_CTOR’
     typedef user_module_name SC_CURRENT_USER_MODULE;                          \
             ^~~~~~~~~~~~~~~~
/usr/systemc/include/sysc/kernel/sc_module.h:401:49: error: ISO C++ forbids declaration of ‘mem’ with no type [-fpermissive]
     user_module_name( ::sc_core::sc_module_name )
                                                 ^
mem.h:24:2: note: in expansion of macro ‘SC_CTOR’
  SC_CTOR(mem) : socket_s("socket_s"){
  ^~~~~~~
In file included from mem.cpp:1:0:
mem.h:27:2: error: expected ‘;’ after struct definition
 }
  ^
  ;
mem.h: In member function ‘int MEM::mem(sc_core::sc_module_name)’:
mem.h:24:17: error: only constructors take member initializers
  SC_CTOR(mem) : socket_s("socket_s"){
                 ^~~~~~~~
mem.h:25:40: error: ‘mem’ is not a class, namespace, or enumeration
   socket_s.register_b_transport(this, &mem::b_transport);
                                        ^~~
mem.cpp: In member function ‘void MEM::b_transport(tlm::tlm_generic_payload&, sc_core::sc_time&)’:
mem.cpp:33:17: error: ‘TLM_WRITE_COMMAND’ was not declared in this scope
  else if(cmd_s==TLM_WRITE_COMMAND){
                 ^~~~~~~~~~~~~~~~~
mem.cpp:33:17: note: suggested alternative:
In file included from /usr/systemc/include/tlm_core/tlm_2/tlm_generic_payload/tlm_generic_payload.h:25:0,
                 from /usr/systemc/include/tlm_core/tlm_2/tlm_2_interfaces/tlm_fw_bw_ifs.h:24,
                 from /usr/systemc/include/tlm_core/tlm_2/tlm_2_interfaces/tlm_2_interfaces.h:24,
                 from /usr/systemc/include/tlm:28,
                 from /usr/systemc/include/tlm.h:22,
                 from mem.h:7,
                 from mem.cpp:1:
/usr/systemc/include/tlm_core/tlm_2/tlm_generic_payload/tlm_gp.h:92:5: note:   ‘TLM_WRITE_COMMAND’
     TLM_WRITE_COMMAND,
     ^~~~~~~~~~~~~~~~~
mem.cpp:37:37: error: expected ‘;’ before ‘)’ token
  cout<<"command is"<<(cmd_s)?"r":"w")<<'\n';
                                     ^
mem.cpp:38:33: warning: format ‘%x’ expects argument of type ‘unsigned int’, but argument 2 has type ‘sc_dt::uint64 {aka long long unsigned int}’ [-Wformat=]
  printf("Address: %#010x\n",addr);
                                 ^
mem.cpp:39:31: warning: format ‘%x’ expects argument of type ‘unsigned int’, but argument 2 has type ‘unsigned char*’ [-Wformat=]
  printf("Value: %#010x\n",data);
                               ^
makefile:24: recipe for target 'mem.o' failed
make: *** [mem.o] Error 1
make: Target 'all' not remade because of errors.
